<?xml version="1.0" encoding="UTF-8"?>
<!-- Generated by org.testng.reporters.JUnitXMLReporter -->
<testsuite hostname="LAPTOP-IRCA30E0" ignored="0" name="false" tests="2" failures="0" timestamp="10 Jun 2021 03:41:11 GMT" time="13.897" errors="0">
  <testcase name="@BeforeMethod main" time="0.0" classname="com.start.MavenSeleniumRevision.Webtable_Example">
    <failure type="org.testng.TestNGException" message="
Can inject only one of &amp;lt;ITestContext, XmlTest, Method, Object[]&amp;gt; into a BeforeMethod annotated main.
For more information on native dependency injection please refer to http://testng.org/doc/documentation-main.html#native-dependency-injection">
      <![CDATA[org.testng.TestNGException: 
Can inject only one of <ITestContext, XmlTest, Method, Object[]> into a BeforeMethod annotated main.
For more information on native dependency injection please refer to http://testng.org/doc/documentation-main.html#native-dependency-injection
... Removed 25 stack frames]]>
    </failure>
  </testcase> <!-- @BeforeMethod main -->
  <testcase name="f" time="0.676" classname="com.start.MavenSeleniumRevision.DragAndDrop_TestNg"/>
  <testcase name="webtable" time="0.001" classname="com.start.MavenSeleniumRevision.Webtable_Example">
    <skipped/>
  </testcase> <!-- webtable -->
</testsuite> <!-- false -->
