<?xml version="1.0" encoding="UTF-8"?>
<testng-results skipped="0" failed="0" ignored="0" total="1" passed="1">
  <reporter-output>
  </reporter-output>
  <suite name="Default suite" duration-ms="41885" started-at="2021-06-10T04:31:16Z" finished-at="2021-06-10T04:31:58Z">
    <groups>
    </groups>
    <test name="Default test" duration-ms="41885" started-at="2021-06-10T04:31:16Z" finished-at="2021-06-10T04:31:58Z">
      <class name="com.start.MavenSeleniumRevision.Webtable_Example">
        <test-method status="PASS" signature="beforeMethod()[pri:0, instance:com.start.MavenSeleniumRevision.Webtable_Example@14acaea5]" name="beforeMethod" is-config="true" duration-ms="10183" started-at="2021-06-10T10:01:16Z" finished-at="2021-06-10T10:01:26Z">
          <reporter-output>
          </reporter-output>
        </test-method> <!-- beforeMethod -->
        <test-method status="PASS" signature="webtable()[pri:0, instance:com.start.MavenSeleniumRevision.Webtable_Example@14acaea5]" name="webtable" duration-ms="27488" started-at="2021-06-10T10:01:26Z" finished-at="2021-06-10T10:01:54Z">
          <reporter-output>
          </reporter-output>
        </test-method> <!-- webtable -->
        <test-method status="PASS" signature="afterMethod()[pri:0, instance:com.start.MavenSeleniumRevision.Webtable_Example@14acaea5]" name="afterMethod" is-config="true" duration-ms="4201" started-at="2021-06-10T10:01:54Z" finished-at="2021-06-10T10:01:58Z">
          <reporter-output>
          </reporter-output>
        </test-method> <!-- afterMethod -->
      </class> <!-- com.start.MavenSeleniumRevision.Webtable_Example -->
    </test> <!-- Default test -->
  </suite> <!-- Default suite -->
</testng-results>
