<?xml version="1.0" encoding="UTF-8"?>
<testng-results skipped="0" failed="0" ignored="0" total="1" passed="1">
  <reporter-output>
  </reporter-output>
  <suite name="Suite" duration-ms="23623" started-at="2021-06-02T02:23:04Z" finished-at="2021-06-02T02:23:27Z">
    <groups>
    </groups>
    <test name="Test" duration-ms="23623" started-at="2021-06-02T02:23:04Z" finished-at="2021-06-02T02:23:27Z">
      <class name="com.start.MavenSeleniumRevision.DragAndDrop_TestNg">
        <test-method status="PASS" signature="beforeMethod()[pri:0, instance:com.start.MavenSeleniumRevision.DragAndDrop_TestNg@14acaea5]" name="beforeMethod" is-config="true" duration-ms="18163" started-at="2021-06-02T07:53:04Z" finished-at="2021-06-02T07:53:22Z">
          <reporter-output>
          </reporter-output>
        </test-method> <!-- beforeMethod -->
        <test-method status="PASS" signature="f()[pri:0, instance:com.start.MavenSeleniumRevision.DragAndDrop_TestNg@14acaea5]" name="f" duration-ms="1353" started-at="2021-06-02T07:53:22Z" finished-at="2021-06-02T07:53:23Z">
          <reporter-output>
          </reporter-output>
        </test-method> <!-- f -->
        <test-method status="PASS" signature="afterMethod()[pri:0, instance:com.start.MavenSeleniumRevision.DragAndDrop_TestNg@14acaea5]" name="afterMethod" is-config="true" duration-ms="4083" started-at="2021-06-02T07:53:23Z" finished-at="2021-06-02T07:53:27Z">
          <reporter-output>
          </reporter-output>
        </test-method> <!-- afterMethod -->
      </class> <!-- com.start.MavenSeleniumRevision.DragAndDrop_TestNg -->
    </test> <!-- Test -->
  </suite> <!-- Suite -->
</testng-results>
